1606382985190	geckodriver	INFO	Listening on 127.0.0.1:50757
1606382988226	mozrunner::runner	INFO	Running command: "C:\\Program Files\\Mozilla Firefox\\firefox.exe" "--marionette" "-foreground" "-no-remote" "-profile" "C:\\Users\\Admin\\AppData\\Local\\Temp\\rust_mozprofileXiEsx0"
Can't find symbol 'eglSwapBuffersWithDamageEXT'.
Can't find symbol 'eglSetDamageRegionKHR'.
JavaScript error: resource://gre/modules/XULStore.jsm, line 66: Error: Can't find profile directory.
console.warn: SearchSettings: "get: No settings file exists, new profile?" (new Error("", "(unknown module)"))
1606382992405	Marionette	INFO	Listening on port 50765
1606382992484	Marionette	WARN	TLS certificate errors will be ignored for this session
JavaScript error: , line 0: TypeError: NetworkError when attempting to fetch resource.
JavaScript error: , line 0: TypeError: NetworkError when attempting to fetch resource.
1606383018312	Marionette	INFO	Stopped listening on port 50765

###!!! [Child][RunMessage] Error: Channel closing: too late to send/recv, messages will be lost


###!!! [Child][MessageChannel::SendAndWait] Error: Channel error: cannot send/recv

1606383028704	geckodriver	INFO	Listening on 127.0.0.1:50854
1606383031734	mozrunner::runner	INFO	Running command: "C:\\Program Files\\Mozilla Firefox\\firefox.exe" "--marionette" "-foreground" "-no-remote" "-profile" "C:\\Users\\Admin\\AppData\\Local\\Temp\\rust_mozprofiletIHKUv"
Can't find symbol 'eglSwapBuffersWithDamageEXT'.
Can't find symbol 'eglSetDamageRegionKHR'.
JavaScript error: resource://gre/modules/XULStore.jsm, line 66: Error: Can't find profile directory.
console.warn: SearchSettings: "get: No settings file exists, new profile?" (new Error("", "(unknown module)"))
1606383034616	Marionette	INFO	Listening on port 50862
1606383034871	Marionette	WARN	TLS certificate errors will be ignored for this session
JavaScript error: https://github.githubassets.com/assets/environment-f0adafbf.js, line 1: Error: could not resolve ./chunk-jump-to.js, error loading the module
1606383054348	Marionette	INFO	Stopped listening on port 50862

###!!! [Child][RunMessage] Error: Channel closing: too late to send/recv, messages will be lost


###!!! [Child][MessageChannel::SendAndWait] Error: Channel error: cannot send/recv

1606385383976	geckodriver	INFO	Listening on 127.0.0.1:51253
1606385387002	mozrunner::runner	INFO	Running command: "C:\\Program Files\\Mozilla Firefox\\firefox.exe" "--marionette" "-foreground" "-no-remote" "-profile" "C:\\Users\\Admin\\AppData\\Local\\Temp\\rust_mozprofileqJa1OF"
Can't find symbol 'eglSwapBuffersWithDamageEXT'.
Can't find symbol 'eglSetDamageRegionKHR'.
JavaScript error: resource://gre/modules/XULStore.jsm, line 66: Error: Can't find profile directory.
console.warn: SearchSettings: "get: No settings file exists, new profile?" (new Error("", "(unknown module)"))
1606385389747	Marionette	INFO	Listening on port 51261
1606385390194	Marionette	WARN	TLS certificate errors will be ignored for this session
1606385424775	Marionette	INFO	Stopped listening on port 51261

###!!! [Child][RunMessage] Error: Channel closing: too late to send/recv, messages will be lost


###!!! [Child][MessageChannel::SendAndWait] Error: Channel error: cannot send/recv

1606411018070	geckodriver	INFO	Listening on 127.0.0.1:54401
1606411021103	mozrunner::runner	INFO	Running command: "C:\\Program Files\\Mozilla Firefox\\firefox.exe" "--marionette" "-foreground" "-no-remote" "-profile" "C:\\Users\\Admin\\AppData\\Local\\Temp\\rust_mozprofileQyDDHx"
Can't find symbol 'eglSwapBuffersWithDamageEXT'.
Can't find symbol 'eglSetDamageRegionKHR'.
JavaScript error: resource://gre/modules/XULStore.jsm, line 66: Error: Can't find profile directory.
console.warn: SearchSettings: "get: No settings file exists, new profile?" (new Error("", "(unknown module)"))
1606411025028	Marionette	INFO	Listening on port 54409
1606411025258	Marionette	WARN	TLS certificate errors will be ignored for this session
1606411089828	Marionette	INFO	Stopped listening on port 54409

###!!! [Child][RunMessage] Error: Channel closing: too late to send/recv, messages will be lost


###!!! [Child][MessageChannel::SendAndWait] Error: Channel error: cannot send/recv

1606411097083	geckodriver	INFO	Listening on 127.0.0.1:54474
1606411100127	mozrunner::runner	INFO	Running command: "C:\\Program Files\\Mozilla Firefox\\firefox.exe" "--marionette" "-foreground" "-no-remote" "-profile" "C:\\Users\\Admin\\AppData\\Local\\Temp\\rust_mozprofilepmknnx"
Can't find symbol 'eglSwapBuffersWithDamageEXT'.
Can't find symbol 'eglSetDamageRegionKHR'.
JavaScript error: resource://gre/modules/XULStore.jsm, line 66: Error: Can't find profile directory.
console.warn: SearchSettings: "get: No settings file exists, new profile?" (new Error("", "(unknown module)"))
1606411103050	Marionette	INFO	Listening on port 54484
1606411103264	Marionette	WARN	TLS certificate errors will be ignored for this session
1606411117472	Marionette	INFO	Stopped listening on port 54484

###!!! [Child][RunMessage] Error: Channel closing: too late to send/recv, messages will be lost


###!!! [Child][MessageChannel::SendAndWait] Error: Channel error: cannot send/recv

1606411280963	geckodriver	INFO	Listening on 127.0.0.1:54576
1606411283987	mozrunner::runner	INFO	Running command: "C:\\Program Files\\Mozilla Firefox\\firefox.exe" "--marionette" "-foreground" "-no-remote" "-profile" "C:\\Users\\Admin\\AppData\\Local\\Temp\\rust_mozprofile3VW9g9"
Can't find symbol 'eglSwapBuffersWithDamageEXT'.
Can't find symbol 'eglSetDamageRegionKHR'.
JavaScript error: resource://gre/modules/XULStore.jsm, line 66: Error: Can't find profile directory.
console.warn: SearchSettings: "get: No settings file exists, new profile?" (new Error("", "(unknown module)"))
1606411286788	Marionette	INFO	Listening on port 54585
1606411287122	Marionette	WARN	TLS certificate errors will be ignored for this session
1606411305227	Marionette	INFO	Stopped listening on port 54585

###!!! [Child][RunMessage] Error: Channel closing: too late to send/recv, messages will be lost


###!!! [Child][MessageChannel::SendAndWait] Error: Channel error: cannot send/recv

1606416539656	geckodriver	INFO	Listening on 127.0.0.1:55150
1606416542689	mozrunner::runner	INFO	Running command: "C:\\Program Files\\Mozilla Firefox\\firefox.exe" "--marionette" "-foreground" "-no-remote" "-profile" "C:\\Users\\Admin\\AppData\\Local\\Temp\\rust_mozprofile7T2hk5"
Can't find symbol 'eglSwapBuffersWithDamageEXT'.
Can't find symbol 'eglSetDamageRegionKHR'.
JavaScript error: resource://gre/modules/XULStore.jsm, line 66: Error: Can't find profile directory.
console.warn: SearchSettings: "get: No settings file exists, new profile?" (new Error("", "(unknown module)"))
1606416546853	Marionette	INFO	Listening on port 55160
1606416546944	Marionette	WARN	TLS certificate errors will be ignored for this session
1606420970098	Marionette	INFO	Stopped listening on port 55160

###!!! [Child][RunMessage] Error: Channel closing: too late to send/recv, messages will be lost


###!!! [Child][MessageChannel::SendAndWait] Error: Channel error: cannot send/recv

1606421567334	geckodriver	INFO	Listening on 127.0.0.1:57948
1606421570412	mozrunner::runner	INFO	Running command: "C:\\Program Files\\Mozilla Firefox\\firefox.exe" "--marionette" "-foreground" "-no-remote" "-profile" "C:\\Users\\Admin\\AppData\\Local\\Temp\\rust_mozprofileDlHLL4"
Can't find symbol 'eglSwapBuffersWithDamageEXT'.
Can't find symbol 'eglSetDamageRegionKHR'.
JavaScript error: resource://gre/modules/XULStore.jsm, line 66: Error: Can't find profile directory.
console.warn: SearchSettings: "get: No settings file exists, new profile?" (new Error("", "(unknown module)"))
1606421574441	Marionette	INFO	Listening on port 57957
1606421574753	Marionette	WARN	TLS certificate errors will be ignored for this session
console.error: Region.jsm: "Error fetching region" (new Error("TIMEOUT", "resource://gre/modules/Region.jsm", 726))
console.error: Region.jsm: "Failed to fetch region" (new Error("TIMEOUT", "resource://gre/modules/Region.jsm", 376))
console.warn: LoginRecipes: "getRecipes: falling back to a synchronous message for:" "https://github.com"
Handler function _httpStopRequest threw an exception: [Exception... "Component returned failure code: 0x80004005 (NS_ERROR_FAILURE) [nsITraceableChannel.setNewListener]"  nsresult: "0x80004005 (NS_ERROR_FAILURE)"  location: "JS frame :: resource://devtools/server/actors/network-monitor/network-observer.js :: _setupResponseListener :: line 1085"  data: no]
Stack: _setupResponseListener@resource://devtools/server/actors/network-monitor/network-observer.js:1085:38
_createNetworkEvent@resource://devtools/server/actors/network-monitor/network-observer.js:911:12
_httpStopRequest@resource://devtools/server/actors/network-monitor/network-observer.js:409:14
exports.makeInfallible/<@resource://devtools/shared/ThreadSafeDevToolsUtils.js:103:22
Line: 1085, column: 0
console.error: ({})
Handler function _httpStopRequest threw an exception: [Exception... "Component returned failure code: 0x80004005 (NS_ERROR_FAILURE) [nsITraceableChannel.setNewListener]"  nsresult: "0x80004005 (NS_ERROR_FAILURE)"  location: "JS frame :: resource://devtools/server/actors/network-monitor/network-observer.js :: _setupResponseListener :: line 1085"  data: no]
Stack: _setupResponseListener@resource://devtools/server/actors/network-monitor/network-observer.js:1085:38
_createNetworkEvent@resource://devtools/server/actors/network-monitor/network-observer.js:911:12
_httpStopRequest@resource://devtools/server/actors/network-monitor/network-observer.js:409:14
exports.makeInfallible/<@resource://devtools/shared/ThreadSafeDevToolsUtils.js:103:22
Line: 1085, column: 0
console.error: ({})
Handler function _httpStopRequest threw an exception: [Exception... "Component returned failure code: 0x80004005 (NS_ERROR_FAILURE) [nsITraceableChannel.setNewListener]"  nsresult: "0x80004005 (NS_ERROR_FAILURE)"  location: "JS frame :: resource://devtools/server/actors/network-monitor/network-observer.js :: _setupResponseListener :: line 1085"  data: no]
Stack: _setupResponseListener@resource://devtools/server/actors/network-monitor/network-observer.js:1085:38
_createNetworkEvent@resource://devtools/server/actors/network-monitor/network-observer.js:911:12
_httpStopRequest@resource://devtools/server/actors/network-monitor/network-observer.js:409:14
exports.makeInfallible/<@resource://devtools/shared/ThreadSafeDevToolsUtils.js:103:22
Line: 1085, column: 0
console.error: ({})
console.error: "stylesheets actor: fetch failed for https://github.githubassets.com/assets/site-1408bbc6a6d041fa692a04fe7551fbe9.css, using system principal instead."
console.error: "stylesheets actor: fetch failed for https://github.githubassets.com/assets/frameworks-dab626668288a951c68b47d6ec626b3f.css, using system principal instead."
console.error: "stylesheets actor: fetch failed for https://github.githubassets.com/assets/site-1408bbc6a6d041fa692a04fe7551fbe9.css, using system principal instead."
console.error: "stylesheets actor: fetch failed for https://github.githubassets.com/assets/frameworks-dab626668288a951c68b47d6ec626b3f.css, using system principal instead."
SourceActor threw an exception: Error: Failed to fetch https://github.githubassets.com/assets/chunk-frameworks-b11ddfd2.js. Code 2152398868.
Stack: onResponse@resource://devtools/shared/DevToolsUtils.js:556:16
onStopRequest@resource://gre/modules/NetUtil.jsm:128:18
Line: 556, column: 16
console.error: (new Error("Failed to fetch https://github.githubassets.com/assets/chunk-frameworks-b11ddfd2.js. Code 2152398868.", "resource://devtools/shared/DevToolsUtils.js", 556))
SourceActor threw an exception: Error: Failed to fetch https://github.githubassets.com/assets/behaviors-cb0f0230.js. Code 2152398868.
Stack: onResponse@resource://devtools/shared/DevToolsUtils.js:556:16
onStopRequest@resource://gre/modules/NetUtil.jsm:128:18
Line: 556, column: 16
console.error: (new Error("Failed to fetch https://github.githubassets.com/assets/behaviors-cb0f0230.js. Code 2152398868.", "resource://devtools/shared/DevToolsUtils.js", 556))

###!!! [Child][MessageChannel] Error: (msgtype=0x5B000A,name=PHttpChannel::Msg_DeletingChannel) Channel closing: too late to send/recv, messages will be lost


###!!! [Child][MessageChannel] Error: (msgtype=0x5B000A,name=PHttpChannel::Msg_DeletingChannel) Channel closing: too late to send/recv, messages will be lost

SourceActor threw an exception: Error: Failed to fetch https://github.githubassets.com/assets/chunk-vendor-e7b057b0.js. Code 2152398868.
Stack: onResponse@resource://devtools/shared/DevToolsUtils.js:556:16
onStopRequest@resource://gre/modules/NetUtil.jsm:128:18
Line: 556, column: 16
console.error: (new Error("Failed to fetch https://github.githubassets.com/assets/chunk-vendor-e7b057b0.js. Code 2152398868.", "resource://devtools/shared/DevToolsUtils.js", 556))

###!!! [Child][MessageChannel] Error: (msgtype=0x5B000A,name=PHttpChannel::Msg_DeletingChannel) Channel closing: too late to send/recv, messages will be lost

SourceActor threw an exception: Error: Failed to fetch https://github.githubassets.com/assets/marketing-28b1ca73.js. Code 2152398868.
Stack: onResponse@resource://devtools/shared/DevToolsUtils.js:556:16
onStopRequest@resource://gre/modules/NetUtil.jsm:128:18
Line: 556, column: 16
console.error: (new Error("Failed to fetch https://github.githubassets.com/assets/marketing-28b1ca73.js. Code 2152398868.", "resource://devtools/shared/DevToolsUtils.js", 556))

###!!! [Child][MessageChannel] Error: (msgtype=0x5B000A,name=PHttpChannel::Msg_DeletingChannel) Channel closing: too late to send/recv, messages will be lost


###!!! [Child][RunMessage] Error: Channel closing: too late to send/recv, messages will be lost


###!!! [Child][MessageChannel] Error: (msgtype=0x5B000A,name=PHttpChannel::Msg_DeletingChannel) Channel closing: too late to send/recv, messages will be lost

console.error: "Error while calling actor 'pagestyle's method 'getApplied'" "Failed to fetch https://github.githubassets.com/assets/site-1408bbc6a6d041fa692a04fe7551fbe9.css. Code 2147746065."
console.error: "onResponse@resource://devtools/shared/DevToolsUtils.js:556:16\nonStopRequest@resource://gre/modules/NetUtil.jsm:128:18\n"
console.error: "Error while calling actor 'pagestyle's method 'getApplied'" "Failed to fetch https://github.githubassets.com/assets/site-1408bbc6a6d041fa692a04fe7551fbe9.css. Code 2152398868."
console.error: "onResponse@resource://devtools/shared/DevToolsUtils.js:556:16\nonStopRequest@resource://gre/modules/NetUtil.jsm:128:18\n"
console.error: "Tried to send a 'getLayout' method reply on an already destroyed actor 'pagestyle'"
console.error: "Error while calling actor 'pagestyle's method 'getApplied'" "Failed to fetch https://github.githubassets.com/assets/frameworks-dab626668288a951c68b47d6ec626b3f.css. Code 2152398868."
console.error: "onResponse@resource://devtools/shared/DevToolsUtils.js:556:16\nonStopRequest@resource://gre/modules/NetUtil.jsm:128:18\n"
1606421640343	Marionette	INFO	Stopped listening on port 57957

###!!! [Child][RunMessage] Error: Channel closing: too late to send/recv, messages will be lost


###!!! [Child][MessageChannel::SendAndWait] Error: Channel error: cannot send/recv

